{
  "RSpec": {
    "coverage": {
      "/Users/shroneel/Downloads/reservation_system-master/app/controllers/reservations_controller.rb": [
        1,
        1,
        1,
        null,
        1,
        null,
        1,
        null,
        1,
        6,
        2,
        2,
        null,
        null,
        4,
        4,
        4,
        null,
        null,
        null,
        null,
        null,
        null,
        4,
        3,
        null,
        null,
        1,
        2,
        2,
        2,
        4,
        2,
        null,
        null,
        null,
        1,
        1,
        1,
        1,
        null,
        null,
        1,
        null,
        1,
        12,
        null,
        null,
        1,
        9,
        null,
        null,
        1,
        34,
        null,
        null,
        1,
        10,
        null,
        null
      ],
      "/Users/shroneel/Downloads/reservation_system-master/app/controllers/application_controller.rb": [
        1,
        null,
        null,
        1,
        null
      ],
      "/Users/shroneel/Downloads/reservation_system-master/app/exceptions/exceptions.rb": [
        1,
        1,
        null
      ],
      "/Users/shroneel/Downloads/reservation_system-master/app/services/reservation_service.rb": [
        1,
        null,
        1,
        11,
        null,
        null,
        1,
        6,
        6,
        null,
        4,
        4,
        null,
        null,
        null,
        1,
        null,
        1,
        6,
        6,
        6,
        6,
        null,
        null,
        null
      ],
      "/Users/shroneel/Downloads/reservation_system-master/app/models/reservation.rb": [
        1,
        null,
        1,
        1,
        null,
        null
      ],
      "/Users/shroneel/Downloads/reservation_system-master/app/models/customer.rb": [
        1,
        null,
        1,
        null,
        null
      ],
      "/Users/shroneel/Downloads/reservation_system-master/app/models/table.rb": [
        1,
        null,
        1,
        null,
        null
      ],
      "/Users/shroneel/Downloads/reservation_system-master/app/forms/reservation_form.rb": [
        1,
        null,
        1,
        1,
        1,
        1,
        null,
        1,
        1,
        null,
        1,
        null,
        1,
        1,
        1,
        null,
        null,
        null
      ]
    },
    "timestamp": 1491445444
  }
}
